[debug] [2024-02-04T17:44:12.330Z] ----------------------------------------------------------------------
[debug] [2024-02-04T17:44:12.333Z] Command:       C:\Program Files\nodejs\node.exe C:\Users\Suyash\AppData\Roaming\npm\node_modules\firebase-tools\lib\bin\firebase.js init
[debug] [2024-02-04T17:44:12.334Z] CLI Version:   13.1.0
[debug] [2024-02-04T17:44:12.334Z] Platform:      win32
[debug] [2024-02-04T17:44:12.334Z] Node Version:  v20.11.0
[debug] [2024-02-04T17:44:12.334Z] Time:          Sun Feb 04 2024 23:14:12 GMT+0530 (India Standard Time)
[debug] [2024-02-04T17:44:12.334Z] ----------------------------------------------------------------------
[debug] 
[debug] [2024-02-04T17:44:12.338Z] >>> [apiv2][query] GET https://firebase-public.firebaseio.com/cli.json [none]
[debug] [2024-02-04T17:44:12.402Z] > command requires scopes: ["email","openid","https://www.googleapis.com/auth/cloudplatformprojects.readonly","https://www.googleapis.com/auth/firebase","https://www.googleapis.com/auth/cloud-platform"]
[debug] [2024-02-04T17:44:12.402Z] > authorizing via signed-in user (suyashsaroj76@gmail.com)
[info] 
     ######## #### ########  ######## ########     ###     ######  ########
     ##        ##  ##     ## ##       ##     ##  ##   ##  ##       ##
     ######    ##  ########  ######   ########  #########  ######  ######
     ##        ##  ##    ##  ##       ##     ## ##     ##       ## ##
     ##       #### ##     ## ######## ########  ##     ##  ######  ########

You're about to initialize a Firebase project in this directory:

  F:\New folder

[debug] [2024-02-04T17:44:13.104Z] <<< [apiv2][status] GET https://firebase-public.firebaseio.com/cli.json 200
[debug] [2024-02-04T17:44:13.105Z] <<< [apiv2][body] GET https://firebase-public.firebaseio.com/cli.json {"cloudBuildErrorAfter":1594252800000,"cloudBuildWarnAfter":1590019200000,"defaultNode10After":1594252800000,"minVersion":"3.0.5","node8DeploysDisabledAfter":1613390400000,"node8RuntimeDisabledAfter":1615809600000,"node8WarnAfter":1600128000000}
